<?xml version="1.0" encoding="UTF-8"?>
<!-- Generated by org.testng.reporters.JUnitReportReporter -->
<testsuite hostname="DESKTOP-UM06P4R" failures="0" tests="1" name="tests.TestsOnLocalAPI" time="1.200" errors="0" timestamp="2025-02-14T22:21:01 IST" skipped="0">
  <testcase classname="tests.TestsOnLocalAPI" name="delete" time="1.200"/>
</testsuite> <!-- tests.TestsOnLocalAPI -->
