<?xml version="1.0" encoding="UTF-8"?>
<!-- Generated by org.testng.reporters.JUnitReportReporter -->
<testsuite hostname="DESKTOP-UM06P4R" failures="0" tests="1" name="com.sdetadda.allure.PutTest" time="0.413" errors="0" timestamp="2025-02-17T18:51:55 IST" skipped="0">
  <testcase classname="com.sdetadda.allure.PutTest" name="test3" time="0.413"/>
</testsuite> <!-- com.sdetadda.allure.PutTest -->
