<?xml version="1.0" encoding="UTF-8"?>
<!-- Generated by org.testng.reporters.JUnitReportReporter -->
<testsuite hostname="DESKTOP-UM06P4R" failures="0" tests="2" name="tests.TestsExample" time="3.293" errors="0" timestamp="2025-02-13T22:12:19 IST" skipped="0">
  <testcase classname="tests.TestsExample" name="test_1" time="2.155"/>
  <testcase classname="tests.TestsExample" name="test_2" time="1.138"/>
</testsuite> <!-- tests.TestsExample -->
