<?xml version="1.0" encoding="UTF-8"?>
<!-- Generated by org.testng.reporters.JUnitReportReporter -->
<testsuite hostname="DESKTOP-UM06P4R" failures="0" tests="3" name="tests.PutPatchDeleteExamples" time="3.295" errors="0" timestamp="2025-02-14T21:18:00 IST" skipped="0">
  <testcase classname="tests.PutPatchDeleteExamples" name="testDelete" time="2.543"/>
  <testcase classname="tests.PutPatchDeleteExamples" name="testPut" time="0.375"/>
  <testcase classname="tests.PutPatchDeleteExamples" name="testPatch" time="0.377"/>
</testsuite> <!-- tests.PutPatchDeleteExamples -->
