<?xml version="1.0" encoding="UTF-8"?>
<!-- Generated by org.testng.reporters.JUnitReportReporter -->
<testsuite hostname="DESKTOP-UM06P4R" failures="0" tests="1" name="com.sdetadda.allure.GetTest" time="2.357" errors="0" timestamp="2025-02-17T18:51:55 IST" skipped="0">
  <testcase classname="com.sdetadda.allure.GetTest" name="test1" time="2.357"/>
</testsuite> <!-- com.sdetadda.allure.GetTest -->
