<?xml version="1.0" encoding="UTF-8"?>
<!-- Generated by org.testng.reporters.JUnitReportReporter -->
<testsuite hostname="DESKTOP-UM06P4R" failures="0" tests="2" name="tests.GetAndPostExamples" time="3.014" errors="0" timestamp="2025-02-15T22:06:03 IST" skipped="0">
  <testcase classname="tests.GetAndPostExamples" name="testGet" time="2.496"/>
  <testcase classname="tests.GetAndPostExamples" name="testPost" time="0.518"/>
</testsuite> <!-- tests.GetAndPostExamples -->
