<?xml version="1.0" encoding="UTF-8"?>
<!-- Generated by org.testng.reporters.JUnitReportReporter -->
<testsuite hostname="DESKTOP-UM06P4R" failures="0" tests="1" name="com.sdetadda.allure.DeleteTest" time="0.360" errors="0" timestamp="2025-02-17T18:51:55 IST" skipped="0">
  <testcase classname="com.sdetadda.allure.DeleteTest" name="test4" time="0.360"/>
</testsuite> <!-- com.sdetadda.allure.DeleteTest -->
